2018-09-06 18:37:45,885 INFO 16096 [model] [35mSELECT VERSION() as `version`[39m (2ms)
2018-09-06 18:37:45,897 INFO 16096 [model] [35mSELECT 1+1 AS result[39m (1ms)
2018-09-06 18:41:11,235 INFO 7380 [model] [35mSELECT VERSION() as `version`[39m (3ms)
2018-09-06 18:41:11,250 INFO 7380 [model] [35mSELECT 1+1 AS result[39m (1ms)
2018-09-06 19:02:31,237 INFO 12404 [model] [35mSELECT VERSION() as `version`[39m (3ms)
2018-09-06 19:02:31,249 INFO 12404 [model] [35mSELECT 1+1 AS result[39m (1ms)
2018-09-06 19:02:47,108 INFO 15720 [model] [35mSELECT VERSION() as `version`[39m (3ms)
2018-09-06 19:02:47,120 INFO 15720 [model] [35mSELECT 1+1 AS result[39m (1ms)
2018-09-06 19:02:54,715 INFO 15128 [model] [35mSELECT VERSION() as `version`[39m (3ms)
2018-09-06 19:02:54,727 INFO 15128 [model] [35mSELECT 1+1 AS result[39m (1ms)
2018-09-06 19:03:03,224 INFO 1444 [model] [35mSELECT VERSION() as `version`[39m (3ms)
2018-09-06 19:03:03,236 INFO 1444 [model] [35mSELECT 1+1 AS result[39m (1ms)
2018-09-06 19:03:05,981 INFO 6100 [model] [35mSELECT VERSION() as `version`[39m (3ms)
2018-09-06 19:03:05,994 INFO 6100 [model] [35mSELECT 1+1 AS result[39m (1ms)
2018-09-06 19:03:07,125 INFO 6100 [model] [35mSELECT count(*) AS `count` FROM `Cfg_Db` AS `Cfg_Db`;[39m (4ms)
2018-09-06 19:03:07,129 INFO 6100 [model] [35mSELECT `DB_KEY`, `DB_NAME`, `DB_VERSION`, `DB_IP`, `DB_USERNAME`, `DB_PWD`, `DB_MARK` FROM `Cfg_Db` AS `Cfg_Db` ORDER BY `Cfg_Db`.`DB_KEY` ASC LIMIT 0, 10;[39m (2ms)
2018-09-06 19:03:12,911 INFO 9968 [model] [35mSELECT VERSION() as `version`[39m (3ms)
2018-09-06 19:03:12,925 INFO 9968 [model] [35mSELECT 1+1 AS result[39m (1ms)
2018-09-06 19:03:35,804 INFO 4064 [model] [35mSELECT VERSION() as `version`[39m (3ms)
2018-09-06 19:03:35,815 INFO 4064 [model] [35mSELECT 1+1 AS result[39m (1ms)
2018-09-06 19:03:41,901 INFO 7248 [model] [35mSELECT VERSION() as `version`[39m (3ms)
2018-09-06 19:03:41,913 INFO 7248 [model] [35mSELECT 1+1 AS result[39m (1ms)
2018-09-06 19:03:58,524 INFO 6068 [model] [35mSELECT VERSION() as `version`[39m (3ms)
2018-09-06 19:03:58,536 INFO 6068 [model] [35mSELECT 1+1 AS result[39m (1ms)
2018-09-06 19:04:00,455 INFO 7768 [model] [35mSELECT VERSION() as `version`[39m (3ms)
2018-09-06 19:04:00,467 INFO 7768 [model] [35mSELECT 1+1 AS result[39m (1ms)
2018-09-06 19:04:47,740 INFO 15168 [model] [35mSELECT VERSION() as `version`[39m (3ms)
2018-09-06 19:04:47,752 INFO 15168 [model] [35mSELECT 1+1 AS result[39m (1ms)
2018-09-06 19:04:52,704 INFO 108 [model] [35mSELECT VERSION() as `version`[39m (3ms)
2018-09-06 19:04:52,717 INFO 108 [model] [35mSELECT 1+1 AS result[39m (1ms)
2018-09-06 19:05:19,791 INFO 16064 [model] [35mSELECT VERSION() as `version`[39m (2ms)
2018-09-06 19:05:19,804 INFO 16064 [model] [35mSELECT 1+1 AS result[39m (1ms)
2018-09-06 19:05:21,478 INFO 1180 [model] [35mSELECT VERSION() as `version`[39m (4ms)
2018-09-06 19:05:21,490 INFO 1180 [model] [35mSELECT 1+1 AS result[39m (1ms)
2018-09-06 19:05:24,577 INFO 15964 [model] [35mSELECT VERSION() as `version`[39m (3ms)
2018-09-06 19:05:24,590 INFO 15964 [model] [35mSELECT 1+1 AS result[39m (1ms)
2018-09-06 19:05:39,768 INFO 7364 [model] [35mSELECT VERSION() as `version`[39m (2ms)
2018-09-06 19:05:39,781 INFO 7364 [model] [35mSELECT 1+1 AS result[39m (1ms)
2018-09-06 19:05:41,027 INFO 7364 [model] [35mSELECT count(*) AS `count` FROM `Cfg_Db` AS `Cfg_Db`;[39m (6ms)
2018-09-06 19:05:41,032 INFO 7364 [model] [35mSELECT `DB_KEY`, `DB_NAME`, `DB_VERSION`, `DB_IP`, `DB_USERNAME`, `DB_PWD`, `DB_MARK` FROM `Cfg_Db` AS `Cfg_Db` ORDER BY `Cfg_Db`.`DB_KEY` ASC LIMIT 0, 10;[39m (2ms)
2018-09-06 19:05:41,760 INFO 9128 [model] [35mSELECT VERSION() as `version`[39m (3ms)
2018-09-06 19:05:41,771 INFO 9128 [model] [35mSELECT 1+1 AS result[39m (1ms)
2018-09-06 19:05:49,447 INFO 9128 [model] [35mSELECT count(*) AS `count` FROM `Cfg_Db` AS `Cfg_Db`;[39m (4ms)
2018-09-06 19:05:49,452 INFO 9128 [model] [35mSELECT `DB_KEY`, `DB_NAME`, `DB_VERSION`, `DB_IP`, `DB_USERNAME`, `DB_PWD`, `DB_MARK` FROM `Cfg_Db` AS `Cfg_Db` ORDER BY `Cfg_Db`.`DB_KEY` ASC LIMIT 0, 10;[39m (3ms)
2018-09-06 19:05:53,735 INFO 1172 [model] [35mSELECT VERSION() as `version`[39m (2ms)
2018-09-06 19:05:53,747 INFO 1172 [model] [35mSELECT 1+1 AS result[39m (1ms)
2018-09-06 19:06:39,160 INFO 8960 [model] [35mSELECT VERSION() as `version`[39m (3ms)
2018-09-06 19:06:39,172 INFO 8960 [model] [35mSELECT 1+1 AS result[39m (1ms)
2018-09-06 19:06:39,975 INFO 8960 [model] [35mSELECT count(*) AS `count` FROM `Cfg_Db` AS `Cfg_Db`;[39m (4ms)
2018-09-06 19:06:39,980 INFO 8960 [model] [35mSELECT `DB_KEY`, `DB_NAME`, `DB_VERSION`, `DB_IP`, `DB_USERNAME`, `DB_PWD`, `DB_MARK` FROM `Cfg_Db` AS `Cfg_Db` ORDER BY `Cfg_Db`.`DB_KEY` ASC LIMIT 0, 10;[39m (3ms)
2018-09-06 19:18:09,162 INFO 15520 [model] [35mSELECT VERSION() as `version`[39m (2ms)
2018-09-06 19:18:09,175 INFO 15520 [model] [35mSELECT 1+1 AS result[39m (1ms)
2018-09-06 19:18:10,860 INFO 15696 [model] [35mSELECT VERSION() as `version`[39m (3ms)
2018-09-06 19:18:10,872 INFO 15696 [model] [35mSELECT 1+1 AS result[39m (1ms)
2018-09-06 19:18:13,667 INFO 6788 [model] [35mSELECT VERSION() as `version`[39m (3ms)
2018-09-06 19:18:13,680 INFO 6788 [model] [35mSELECT 1+1 AS result[39m (1ms)
2018-09-06 19:18:15,648 INFO 14540 [model] [35mSELECT VERSION() as `version`[39m (2ms)
2018-09-06 19:18:15,660 INFO 14540 [model] [35mSELECT 1+1 AS result[39m (1ms)
2018-09-06 19:18:23,655 INFO 14320 [model] [35mSELECT VERSION() as `version`[39m (3ms)
2018-09-06 19:18:23,667 INFO 14320 [model] [35mSELECT 1+1 AS result[39m (1ms)
2018-09-06 19:18:43,535 INFO 15772 [model] [35mSELECT VERSION() as `version`[39m (3ms)
2018-09-06 19:18:43,547 INFO 15772 [model] [35mSELECT 1+1 AS result[39m (1ms)
2018-09-06 19:19:03,318 INFO 15132 [model] [35mSELECT VERSION() as `version`[39m (3ms)
2018-09-06 19:19:03,331 INFO 15132 [model] [35mSELECT 1+1 AS result[39m (2ms)
2018-09-06 19:19:04,996 INFO 15308 [model] [35mSELECT VERSION() as `version`[39m (3ms)
2018-09-06 19:19:05,009 INFO 15308 [model] [35mSELECT 1+1 AS result[39m (1ms)
2018-09-06 19:20:58,761 INFO 13416 [model] [35mSELECT VERSION() as `version`[39m (3ms)
2018-09-06 19:20:58,774 INFO 13416 [model] [35mSELECT 1+1 AS result[39m (1ms)
2018-09-06 19:29:04,551 INFO 15036 [model] [35mSELECT VERSION() as `version`[39m (3ms)
2018-09-06 19:29:04,564 INFO 15036 [model] [35mSELECT 1+1 AS result[39m (2ms)
2018-09-06 19:32:58,719 INFO 11676 [model] [35mSELECT VERSION() as `version`[39m (3ms)
2018-09-06 19:32:58,732 INFO 11676 [model] [35mSELECT 1+1 AS result[39m (1ms)
2018-09-06 19:33:02,276 INFO 14924 [model] [35mSELECT VERSION() as `version`[39m (5ms)
2018-09-06 19:33:02,291 INFO 14924 [model] [35mSELECT 1+1 AS result[39m (2ms)
2018-09-06 19:33:13,846 INFO 13944 [model] [35mSELECT VERSION() as `version`[39m (3ms)
2018-09-06 19:33:13,859 INFO 13944 [model] [35mSELECT 1+1 AS result[39m (1ms)
2018-09-06 19:33:38,484 INFO 9088 [model] [35mSELECT VERSION() as `version`[39m (3ms)
2018-09-06 19:33:38,497 INFO 9088 [model] [35mSELECT 1+1 AS result[39m (1ms)
2018-09-06 19:33:52,311 INFO 16256 [model] [35mSELECT VERSION() as `version`[39m (3ms)
2018-09-06 19:33:52,325 INFO 16256 [model] [35mSELECT 1+1 AS result[39m (1ms)
2018-09-06 19:33:58,732 INFO 7812 [model] [35mSELECT VERSION() as `version`[39m (3ms)
2018-09-06 19:33:58,746 INFO 7812 [model] [35mSELECT 1+1 AS result[39m (2ms)
2018-09-06 19:34:02,558 INFO 14216 [model] [35mSELECT VERSION() as `version`[39m (4ms)
2018-09-06 19:34:02,578 INFO 14216 [model] [35mSELECT 1+1 AS result[39m (2ms)
2018-09-06 19:34:06,306 INFO 15632 [model] [35mSELECT VERSION() as `version`[39m (4ms)
2018-09-06 19:34:06,325 INFO 15632 [model] [35mSELECT 1+1 AS result[39m (3ms)
2018-09-06 19:34:10,471 INFO 15940 [model] [35mSELECT VERSION() as `version`[39m (3ms)
2018-09-06 19:34:10,484 INFO 15940 [model] [35mSELECT 1+1 AS result[39m (1ms)
2018-09-06 19:34:17,509 INFO 9056 [model] [35mSELECT VERSION() as `version`[39m (3ms)
2018-09-06 19:34:17,521 INFO 9056 [model] [35mSELECT 1+1 AS result[39m (1ms)
2018-09-06 19:34:19,495 INFO 8084 [model] [35mSELECT VERSION() as `version`[39m (5ms)
2018-09-06 19:34:19,515 INFO 8084 [model] [35mSELECT 1+1 AS result[39m (2ms)
2018-09-06 19:34:23,627 INFO 14848 [model] [35mSELECT VERSION() as `version`[39m (3ms)
2018-09-06 19:34:23,640 INFO 14848 [model] [35mSELECT 1+1 AS result[39m (1ms)
2018-09-06 19:34:26,774 INFO 14260 [model] [35mSELECT VERSION() as `version`[39m (3ms)
2018-09-06 19:34:26,789 INFO 14260 [model] [35mSELECT 1+1 AS result[39m (1ms)
2018-09-06 19:34:28,644 INFO 15420 [model] [35mSELECT VERSION() as `version`[39m (4ms)
2018-09-06 19:34:28,662 INFO 15420 [model] [35mSELECT 1+1 AS result[39m (3ms)
2018-09-06 19:34:32,620 INFO 14956 [model] [35mSELECT VERSION() as `version`[39m (3ms)
2018-09-06 19:34:32,634 INFO 14956 [model] [35mSELECT 1+1 AS result[39m (1ms)
2018-09-06 19:34:35,902 INFO 14796 [model] [35mSELECT VERSION() as `version`[39m (3ms)
2018-09-06 19:34:35,914 INFO 14796 [model] [35mSELECT 1+1 AS result[39m (1ms)
2018-09-06 19:34:39,562 INFO 12596 [model] [35mSELECT VERSION() as `version`[39m (3ms)
2018-09-06 19:34:39,574 INFO 12596 [model] [35mSELECT 1+1 AS result[39m (1ms)
2018-09-06 19:34:43,412 INFO 8092 [model] [35mSELECT VERSION() as `version`[39m (6ms)
2018-09-06 19:34:43,432 INFO 8092 [model] [35mSELECT 1+1 AS result[39m (4ms)
2018-09-06 19:34:46,064 INFO 11324 [model] [35mSELECT VERSION() as `version`[39m (3ms)
2018-09-06 19:34:46,077 INFO 11324 [model] [35mSELECT 1+1 AS result[39m (1ms)
2018-09-06 19:35:21,337 INFO 13632 [model] [35mSELECT VERSION() as `version`[39m (4ms)
2018-09-06 19:35:21,351 INFO 13632 [model] [35mSELECT 1+1 AS result[39m (1ms)
2018-09-06 19:35:31,149 INFO 13328 [model] [35mSELECT VERSION() as `version`[39m (4ms)
2018-09-06 19:35:31,163 INFO 13328 [model] [35mSELECT 1+1 AS result[39m (1ms)
2018-09-06 19:35:34,438 INFO 4820 [model] [35mSELECT VERSION() as `version`[39m (4ms)
2018-09-06 19:35:34,452 INFO 4820 [model] [35mSELECT 1+1 AS result[39m (1ms)
2018-09-06 19:36:06,240 INFO 8124 [model] [35mSELECT VERSION() as `version`[39m (4ms)
2018-09-06 19:36:06,258 INFO 8124 [model] [35mSELECT 1+1 AS result[39m (2ms)
2018-09-06 19:36:08,981 INFO 13232 [model] [35mSELECT VERSION() as `version`[39m (3ms)
2018-09-06 19:36:08,993 INFO 13232 [model] [35mSELECT 1+1 AS result[39m (2ms)
2018-09-06 19:36:19,373 INFO 1324 [model] [35mSELECT VERSION() as `version`[39m (3ms)
2018-09-06 19:36:19,385 INFO 1324 [model] [35mSELECT 1+1 AS result[39m (1ms)
2018-09-06 19:36:33,958 INFO 628 [model] [35mSELECT VERSION() as `version`[39m (3ms)
2018-09-06 19:36:33,971 INFO 628 [model] [35mSELECT 1+1 AS result[39m (1ms)
2018-09-06 19:36:40,878 INFO 15748 [model] [35mSELECT VERSION() as `version`[39m (3ms)
2018-09-06 19:36:40,891 INFO 15748 [model] [35mSELECT 1+1 AS result[39m (1ms)
2018-09-06 19:36:42,650 INFO 9364 [model] [35mSELECT VERSION() as `version`[39m (3ms)
2018-09-06 19:36:42,663 INFO 9364 [model] [35mSELECT 1+1 AS result[39m (1ms)
2018-09-06 19:37:17,989 INFO 4200 [model] [35mSELECT VERSION() as `version`[39m (2ms)
2018-09-06 19:37:18,002 INFO 4200 [model] [35mSELECT 1+1 AS result[39m (1ms)
2018-09-06 19:37:27,988 INFO 15536 [model] [35mSELECT VERSION() as `version`[39m (3ms)
2018-09-06 19:37:28,002 INFO 15536 [model] [35mSELECT 1+1 AS result[39m (1ms)
2018-09-06 19:38:10,698 INFO 13172 [model] [35mSELECT VERSION() as `version`[39m (3ms)
2018-09-06 19:38:10,711 INFO 13172 [model] [35mSELECT 1+1 AS result[39m (1ms)
2018-09-06 19:38:12,682 INFO 11716 [model] [35mSELECT VERSION() as `version`[39m (3ms)
2018-09-06 19:38:12,694 INFO 11716 [model] [35mSELECT 1+1 AS result[39m (1ms)
2018-09-06 19:38:14,751 INFO 11404 [model] [35mSELECT VERSION() as `version`[39m (3ms)
2018-09-06 19:38:14,764 INFO 11404 [model] [35mSELECT 1+1 AS result[39m (1ms)
2018-09-06 19:39:02,646 INFO 14260 [model] [35mSELECT VERSION() as `version`[39m (3ms)
2018-09-06 19:39:02,659 INFO 14260 [model] [35mSELECT 1+1 AS result[39m (1ms)
2018-09-06 19:39:17,811 INFO 7472 [model] [35mSELECT VERSION() as `version`[39m (3ms)
2018-09-06 19:39:17,823 INFO 7472 [model] [35mSELECT 1+1 AS result[39m (1ms)
2018-09-06 19:39:36,417 INFO 13104 [model] [35mSELECT VERSION() as `version`[39m (3ms)
2018-09-06 19:39:36,433 INFO 13104 [model] [35mSELECT 1+1 AS result[39m (1ms)
2018-09-06 19:39:39,890 INFO 14804 [model] [35mSELECT VERSION() as `version`[39m (3ms)
2018-09-06 19:39:39,902 INFO 14804 [model] [35mSELECT 1+1 AS result[39m (1ms)
2018-09-06 19:39:41,671 INFO 1972 [model] [35mSELECT VERSION() as `version`[39m (2ms)
2018-09-06 19:39:41,684 INFO 1972 [model] [35mSELECT 1+1 AS result[39m (2ms)
2018-09-06 19:40:06,161 INFO 9596 [model] [35mSELECT VERSION() as `version`[39m (4ms)
2018-09-06 19:40:06,177 INFO 9596 [model] [35mSELECT 1+1 AS result[39m (1ms)
2018-09-06 19:40:35,437 INFO 9596 [model] [35mSELECT count(*) AS `count` FROM `Cfg_Db` AS `Cfg_Db`;[39m (5ms)
2018-09-06 19:40:35,440 INFO 9596 [model] [35mSELECT `DB_KEY`, `DB_NAME`, `DB_VERSION`, `DB_IP`, `DB_USERNAME`, `DB_PWD`, `DB_MARK` FROM `Cfg_Db` AS `Cfg_Db` ORDER BY `Cfg_Db`.`DB_KEY` ASC LIMIT 0, 10;[39m (5ms)
2018-09-06 19:40:52,543 INFO 8780 [model] [35mSELECT VERSION() as `version`[39m (4ms)
2018-09-06 19:40:52,560 INFO 8780 [model] [35mSELECT 1+1 AS result[39m (2ms)
2018-09-06 19:40:58,413 INFO 16276 [model] [35mSELECT VERSION() as `version`[39m (3ms)
2018-09-06 19:40:58,425 INFO 16276 [model] [35mSELECT 1+1 AS result[39m (1ms)
2018-09-06 19:42:12,909 INFO 8792 [model] [35mSELECT VERSION() as `version`[39m (3ms)
2018-09-06 19:42:12,922 INFO 8792 [model] [35mSELECT 1+1 AS result[39m (1ms)
2018-09-06 19:52:45,123 INFO 8792 [model] [35mSELECT count(*) AS `count` FROM `Cfg_Db` AS `Cfg_Db`;[39m (2ms)
2018-09-06 19:52:45,125 INFO 8792 [model] [35mSELECT `DB_KEY`, `DB_NAME`, `DB_VERSION`, `DB_IP`, `DB_USERNAME`, `DB_PWD`, `DB_MARK` FROM `Cfg_Db` AS `Cfg_Db` ORDER BY `Cfg_Db`.`DB_KEY` ASC LIMIT 0, 10;[39m (4ms)
2018-09-06 20:52:19,604 INFO 4140 [model] [35mSELECT VERSION() as `version`[39m (4ms)
2018-09-06 20:52:19,617 INFO 4140 [model] [35mSELECT 1+1 AS result[39m (1ms)
2018-09-06 20:54:18,135 INFO 13504 [model] [35mSELECT VERSION() as `version`[39m (3ms)
2018-09-06 20:54:18,146 INFO 13504 [model] [35mSELECT 1+1 AS result[39m (1ms)
2018-09-06 20:54:30,018 INFO 13504 [model] [35mSELECT `DB_KEY`, `DB_NAME`, `DB_VERSION`, `DB_IP`, `DB_USERNAME`, `DB_PWD`, `DB_MARK` FROM `Cfg_Db` AS `Cfg_Db` ORDER BY `Cfg_Db`.`DB_KEY` ASC LIMIT 0, 10;[39m (31ms)
2018-09-06 20:54:30,021 INFO 13504 [model] [35mSELECT count(*) AS `count` FROM `Cfg_Db` AS `Cfg_Db`;[39m (34ms)
2018-09-07 09:02:12,210 INFO 16224 [model] [35mSELECT VERSION() as `version`[39m (3ms)
2018-09-07 09:02:12,221 INFO 16224 [model] [35mSELECT 1+1 AS result[39m (1ms)
2018-09-07 09:02:17,751 INFO 16224 [model] [35mSELECT count(*) AS `count` FROM `Cfg_Db` AS `Cfg_Db`;[39m (6ms)
2018-09-07 09:02:17,755 INFO 16224 [model] [35mSELECT `DB_KEY`, `DB_NAME`, `DB_VERSION`, `DB_IP`, `DB_USERNAME`, `DB_PWD`, `DB_MARK` FROM `Cfg_Db` AS `Cfg_Db` ORDER BY `Cfg_Db`.`DB_KEY` ASC LIMIT 0, 10;[39m (1ms)
2018-09-07 14:56:42,821 INFO 16224 [model] [35mSELECT count(*) AS `count` FROM `Cfg_Db` AS `Cfg_Db`;[39m (16ms)
2018-09-07 14:56:42,823 INFO 16224 [model] [35mSELECT `DB_KEY`, `DB_NAME`, `DB_VERSION`, `DB_IP`, `DB_USERNAME`, `DB_PWD`, `DB_MARK` FROM `Cfg_Db` AS `Cfg_Db` ORDER BY `Cfg_Db`.`DB_KEY` ASC LIMIT 0, 10;[39m (17ms)
2018-09-13 19:38:50,390 INFO 10688 [model] [35mSELECT VERSION() as `version`[39m (4ms)
2018-09-13 19:38:50,409 INFO 10688 [model] [35mSELECT 1+1 AS result[39m (2ms)
2018-09-13 19:39:03,677 INFO 10688 [model] [35mSELECT count(*) AS `count` FROM `Cfg_Db` AS `Cfg_Db`;[39m (2ms)
2018-09-13 19:39:03,680 INFO 10688 [model] [35mSELECT `DB_KEY`, `DB_NAME`, `DB_VERSION`, `DB_IP`, `DB_USERNAME`, `DB_PWD`, `DB_MARK` FROM `Cfg_Db` AS `Cfg_Db` ORDER BY `Cfg_Db`.`DB_KEY` ASC LIMIT 0, 10;[39m (4ms)
2018-09-13 19:39:06,588 INFO 10688 [model] [35mSELECT count(*) AS `count` FROM `Cfg_Db` AS `Cfg_Db`;[39m (5ms)
2018-09-13 19:39:06,592 INFO 10688 [model] [35mSELECT `DB_KEY`, `DB_NAME`, `DB_VERSION`, `DB_IP`, `DB_USERNAME`, `DB_PWD`, `DB_MARK` FROM `Cfg_Db` AS `Cfg_Db` ORDER BY `Cfg_Db`.`DB_KEY` ASC LIMIT 0, 10;[39m (6ms)
2018-09-13 19:56:08,696 INFO 10688 [model] [35mSELECT count(*) AS `count` FROM `Cfg_Db` AS `Cfg_Db`;[39m (2ms)
2018-09-13 19:56:08,699 INFO 10688 [model] [35mSELECT `DB_KEY`, `DB_NAME`, `DB_VERSION`, `DB_IP`, `DB_USERNAME`, `DB_PWD`, `DB_MARK` FROM `Cfg_Db` AS `Cfg_Db` ORDER BY `Cfg_Db`.`DB_KEY` ASC LIMIT 0, 10;[39m (4ms)
2018-09-13 20:00:05,356 INFO 10688 [model] [35mSELECT count(*) AS `count` FROM `Cfg_Db` AS `Cfg_Db`;[39m (2ms)
2018-09-13 20:00:05,360 INFO 10688 [model] [35mSELECT `DB_KEY`, `DB_NAME`, `DB_VERSION`, `DB_IP`, `DB_USERNAME`, `DB_PWD`, `DB_MARK` FROM `Cfg_Db` AS `Cfg_Db` ORDER BY `Cfg_Db`.`DB_KEY` ASC LIMIT 0, 10;[39m (4ms)
2018-09-13 20:00:07,595 INFO 10688 [model] [35mSELECT count(*) AS `count` FROM `Cfg_Db` AS `Cfg_Db`;[39m (2ms)
2018-09-13 20:00:07,597 INFO 10688 [model] [35mSELECT `DB_KEY`, `DB_NAME`, `DB_VERSION`, `DB_IP`, `DB_USERNAME`, `DB_PWD`, `DB_MARK` FROM `Cfg_Db` AS `Cfg_Db` ORDER BY `Cfg_Db`.`DB_KEY` ASC LIMIT 0, 10;[39m (2ms)
2018-09-13 20:00:12,208 INFO 10688 [model] [35mSELECT count(*) AS `count` FROM `Cfg_Db` AS `Cfg_Db`;[39m (2ms)
2018-09-13 20:00:12,211 INFO 10688 [model] [35mSELECT `DB_KEY`, `DB_NAME`, `DB_VERSION`, `DB_IP`, `DB_USERNAME`, `DB_PWD`, `DB_MARK` FROM `Cfg_Db` AS `Cfg_Db` ORDER BY `Cfg_Db`.`DB_KEY` ASC LIMIT 0, 10;[39m (4ms)
2018-09-13 20:00:19,357 INFO 10688 [model] [35mSELECT count(*) AS `count` FROM `Cfg_Db` AS `Cfg_Db`;[39m (3ms)
2018-09-13 20:00:19,361 INFO 10688 [model] [35mSELECT `DB_KEY`, `DB_NAME`, `DB_VERSION`, `DB_IP`, `DB_USERNAME`, `DB_PWD`, `DB_MARK` FROM `Cfg_Db` AS `Cfg_Db` ORDER BY `Cfg_Db`.`DB_KEY` ASC LIMIT 0, 10;[39m (5ms)
2018-09-13 20:00:31,037 INFO 10688 [model] [35mSELECT count(*) AS `count` FROM `Cfg_Db` AS `Cfg_Db`;[39m (1ms)
2018-09-13 20:00:31,042 INFO 10688 [model] [35mSELECT `DB_KEY`, `DB_NAME`, `DB_VERSION`, `DB_IP`, `DB_USERNAME`, `DB_PWD`, `DB_MARK` FROM `Cfg_Db` AS `Cfg_Db` ORDER BY `Cfg_Db`.`DB_KEY` ASC LIMIT 0, 10;[39m (2ms)
2018-09-13 20:00:37,204 INFO 10688 [model] [35mSELECT count(*) AS `count` FROM `Cfg_Db` AS `Cfg_Db`;[39m (2ms)
2018-09-13 20:00:37,208 INFO 10688 [model] [35mSELECT `DB_KEY`, `DB_NAME`, `DB_VERSION`, `DB_IP`, `DB_USERNAME`, `DB_PWD`, `DB_MARK` FROM `Cfg_Db` AS `Cfg_Db` ORDER BY `Cfg_Db`.`DB_KEY` ASC LIMIT 0, 10;[39m (5ms)
2018-09-13 20:04:01,350 INFO 10688 [model] [35mSELECT count(*) AS `count` FROM `Cfg_Db` AS `Cfg_Db`;[39m (2ms)
2018-09-13 20:04:01,352 INFO 10688 [model] [35mSELECT `DB_KEY`, `DB_NAME`, `DB_VERSION`, `DB_IP`, `DB_USERNAME`, `DB_PWD`, `DB_MARK` FROM `Cfg_Db` AS `Cfg_Db` ORDER BY `Cfg_Db`.`DB_KEY` ASC LIMIT 0, 10;[39m (3ms)
2018-09-13 20:04:05,704 INFO 10688 [model] [35mSELECT count(*) AS `count` FROM `Cfg_Db` AS `Cfg_Db`;[39m (2ms)
2018-09-13 20:04:05,708 INFO 10688 [model] [35mSELECT `DB_KEY`, `DB_NAME`, `DB_VERSION`, `DB_IP`, `DB_USERNAME`, `DB_PWD`, `DB_MARK` FROM `Cfg_Db` AS `Cfg_Db` ORDER BY `Cfg_Db`.`DB_KEY` ASC LIMIT 0, 10;[39m (5ms)
2018-09-13 20:04:50,516 INFO 10688 [model] [35mSELECT count(*) AS `count` FROM `Cfg_Db` AS `Cfg_Db`;[39m (1ms)
2018-09-13 20:04:50,521 INFO 10688 [model] [35mSELECT `DB_KEY`, `DB_NAME`, `DB_VERSION`, `DB_IP`, `DB_USERNAME`, `DB_PWD`, `DB_MARK` FROM `Cfg_Db` AS `Cfg_Db` ORDER BY `Cfg_Db`.`DB_KEY` ASC LIMIT 0, 10;[39m (1ms)
2018-09-13 20:05:07,662 INFO 10688 [model] [35mSELECT count(*) AS `count` FROM `Cfg_Db` AS `Cfg_Db`;[39m (2ms)
2018-09-13 20:05:07,664 INFO 10688 [model] [35mSELECT `DB_KEY`, `DB_NAME`, `DB_VERSION`, `DB_IP`, `DB_USERNAME`, `DB_PWD`, `DB_MARK` FROM `Cfg_Db` AS `Cfg_Db` ORDER BY `Cfg_Db`.`DB_KEY` ASC LIMIT 0, 10;[39m (2ms)
2018-09-13 20:05:19,627 INFO 10688 [model] [35mSELECT count(*) AS `count` FROM `Cfg_Db` AS `Cfg_Db`;[39m (3ms)
2018-09-13 20:05:19,635 INFO 10688 [model] [35mSELECT `DB_KEY`, `DB_NAME`, `DB_VERSION`, `DB_IP`, `DB_USERNAME`, `DB_PWD`, `DB_MARK` FROM `Cfg_Db` AS `Cfg_Db` ORDER BY `Cfg_Db`.`DB_KEY` ASC LIMIT 0, 10;[39m (4ms)
2018-09-13 20:05:36,062 INFO 10688 [model] [35mSELECT count(*) AS `count` FROM `Cfg_Db` AS `Cfg_Db`;[39m (1ms)
2018-09-13 20:05:36,064 INFO 10688 [model] [35mSELECT `DB_KEY`, `DB_NAME`, `DB_VERSION`, `DB_IP`, `DB_USERNAME`, `DB_PWD`, `DB_MARK` FROM `Cfg_Db` AS `Cfg_Db` ORDER BY `Cfg_Db`.`DB_KEY` ASC LIMIT 0, 10;[39m (2ms)
2018-09-13 20:05:47,387 INFO 10688 [model] [35mSELECT count(*) AS `count` FROM `Cfg_Db` AS `Cfg_Db`;[39m (2ms)
2018-09-13 20:05:47,389 INFO 10688 [model] [35mSELECT `DB_KEY`, `DB_NAME`, `DB_VERSION`, `DB_IP`, `DB_USERNAME`, `DB_PWD`, `DB_MARK` FROM `Cfg_Db` AS `Cfg_Db` ORDER BY `Cfg_Db`.`DB_KEY` ASC LIMIT 0, 10;[39m (3ms)
2018-09-13 20:05:49,199 INFO 10688 [model] [35mSELECT count(*) AS `count` FROM `Cfg_Db` AS `Cfg_Db`;[39m (5ms)
2018-09-13 20:05:49,203 INFO 10688 [model] [35mSELECT `DB_KEY`, `DB_NAME`, `DB_VERSION`, `DB_IP`, `DB_USERNAME`, `DB_PWD`, `DB_MARK` FROM `Cfg_Db` AS `Cfg_Db` ORDER BY `Cfg_Db`.`DB_KEY` ASC LIMIT 0, 10;[39m (5ms)
2018-09-13 20:06:13,562 INFO 10688 [model] [35mSELECT count(*) AS `count` FROM `Cfg_Db` AS `Cfg_Db`;[39m (1ms)
2018-09-13 20:06:13,564 INFO 10688 [model] [35mSELECT `DB_KEY`, `DB_NAME`, `DB_VERSION`, `DB_IP`, `DB_USERNAME`, `DB_PWD`, `DB_MARK` FROM `Cfg_Db` AS `Cfg_Db` ORDER BY `Cfg_Db`.`DB_KEY` ASC LIMIT 0, 10;[39m (3ms)
2018-09-13 20:07:53,968 INFO 10688 [model] [35mSELECT count(*) AS `count` FROM `Cfg_Db` AS `Cfg_Db`;[39m (3ms)
2018-09-13 20:07:53,972 INFO 10688 [model] [35mSELECT `DB_KEY`, `DB_NAME`, `DB_VERSION`, `DB_IP`, `DB_USERNAME`, `DB_PWD`, `DB_MARK` FROM `Cfg_Db` AS `Cfg_Db` ORDER BY `Cfg_Db`.`DB_KEY` ASC LIMIT 0, 10;[39m (5ms)
2018-09-13 20:09:05,735 INFO 10688 [model] [35mSELECT count(*) AS `count` FROM `Cfg_Db` AS `Cfg_Db`;[39m (1ms)
2018-09-13 20:09:05,741 INFO 10688 [model] [35mSELECT `DB_KEY`, `DB_NAME`, `DB_VERSION`, `DB_IP`, `DB_USERNAME`, `DB_PWD`, `DB_MARK` FROM `Cfg_Db` AS `Cfg_Db` ORDER BY `Cfg_Db`.`DB_KEY` ASC LIMIT 0, 10;[39m (2ms)
2018-09-13 20:12:32,801 INFO 10688 [model] [35mSELECT count(*) AS `count` FROM `Cfg_Db` AS `Cfg_Db`;[39m (2ms)
2018-09-13 20:12:32,805 INFO 10688 [model] [35mSELECT `DB_KEY`, `DB_NAME`, `DB_VERSION`, `DB_IP`, `DB_USERNAME`, `DB_PWD`, `DB_MARK` FROM `Cfg_Db` AS `Cfg_Db` ORDER BY `Cfg_Db`.`DB_KEY` ASC LIMIT 0, 10;[39m (5ms)
2018-09-13 20:12:38,073 INFO 10688 [model] [35mSELECT count(*) AS `count` FROM `Cfg_Db` AS `Cfg_Db`;[39m (4ms)
2018-09-13 20:12:38,077 INFO 10688 [model] [35mSELECT `DB_KEY`, `DB_NAME`, `DB_VERSION`, `DB_IP`, `DB_USERNAME`, `DB_PWD`, `DB_MARK` FROM `Cfg_Db` AS `Cfg_Db` ORDER BY `Cfg_Db`.`DB_KEY` ASC LIMIT 0, 10;[39m (5ms)
2018-09-13 20:12:45,649 INFO 10688 [model] [35mSELECT count(*) AS `count` FROM `Cfg_Db` AS `Cfg_Db`;[39m (2ms)
2018-09-13 20:12:45,652 INFO 10688 [model] [35mSELECT `DB_KEY`, `DB_NAME`, `DB_VERSION`, `DB_IP`, `DB_USERNAME`, `DB_PWD`, `DB_MARK` FROM `Cfg_Db` AS `Cfg_Db` ORDER BY `Cfg_Db`.`DB_KEY` ASC LIMIT 0, 10;[39m (3ms)
2018-09-13 20:13:00,788 INFO 10688 [model] [35mSELECT count(*) AS `count` FROM `Cfg_Db` AS `Cfg_Db`;[39m (2ms)
2018-09-13 20:13:00,792 INFO 10688 [model] [35mSELECT `DB_KEY`, `DB_NAME`, `DB_VERSION`, `DB_IP`, `DB_USERNAME`, `DB_PWD`, `DB_MARK` FROM `Cfg_Db` AS `Cfg_Db` ORDER BY `Cfg_Db`.`DB_KEY` ASC LIMIT 0, 10;[39m (5ms)
2018-09-13 20:13:03,752 INFO 10688 [model] [35mSELECT count(*) AS `count` FROM `Cfg_Db` AS `Cfg_Db`;[39m (3ms)
2018-09-13 20:13:03,756 INFO 10688 [model] [35mSELECT `DB_KEY`, `DB_NAME`, `DB_VERSION`, `DB_IP`, `DB_USERNAME`, `DB_PWD`, `DB_MARK` FROM `Cfg_Db` AS `Cfg_Db` ORDER BY `Cfg_Db`.`DB_KEY` ASC LIMIT 0, 10;[39m (5ms)
2018-09-13 20:13:08,039 INFO 10688 [model] [35mSELECT count(*) AS `count` FROM `Cfg_Db` AS `Cfg_Db`;[39m (3ms)
2018-09-13 20:13:08,043 INFO 10688 [model] [35mSELECT `DB_KEY`, `DB_NAME`, `DB_VERSION`, `DB_IP`, `DB_USERNAME`, `DB_PWD`, `DB_MARK` FROM `Cfg_Db` AS `Cfg_Db` ORDER BY `Cfg_Db`.`DB_KEY` ASC LIMIT 0, 10;[39m (5ms)
2018-09-13 20:13:14,357 INFO 10688 [model] [35mSELECT count(*) AS `count` FROM `Cfg_Db` AS `Cfg_Db`;[39m (3ms)
2018-09-13 20:13:14,361 INFO 10688 [model] [35mSELECT `DB_KEY`, `DB_NAME`, `DB_VERSION`, `DB_IP`, `DB_USERNAME`, `DB_PWD`, `DB_MARK` FROM `Cfg_Db` AS `Cfg_Db` ORDER BY `Cfg_Db`.`DB_KEY` ASC LIMIT 0, 10;[39m (5ms)
2018-09-13 20:14:15,221 INFO 10688 [model] [35mSELECT count(*) AS `count` FROM `Cfg_Db` AS `Cfg_Db`;[39m (2ms)
2018-09-13 20:14:15,225 INFO 10688 [model] [35mSELECT `DB_KEY`, `DB_NAME`, `DB_VERSION`, `DB_IP`, `DB_USERNAME`, `DB_PWD`, `DB_MARK` FROM `Cfg_Db` AS `Cfg_Db` ORDER BY `Cfg_Db`.`DB_KEY` ASC LIMIT 0, 10;[39m (5ms)
2018-09-13 20:14:34,927 INFO 10688 [model] [35mSELECT count(*) AS `count` FROM `Cfg_Db` AS `Cfg_Db`;[39m (3ms)
2018-09-13 20:14:34,936 INFO 10688 [model] [35mSELECT `DB_KEY`, `DB_NAME`, `DB_VERSION`, `DB_IP`, `DB_USERNAME`, `DB_PWD`, `DB_MARK` FROM `Cfg_Db` AS `Cfg_Db` ORDER BY `Cfg_Db`.`DB_KEY` ASC LIMIT 0, 10;[39m (5ms)
2018-09-13 20:16:01,673 INFO 10688 [model] [35mSELECT count(*) AS `count` FROM `Cfg_Db` AS `Cfg_Db`;[39m (1ms)
2018-09-13 20:16:01,675 INFO 10688 [model] [35mSELECT `DB_KEY`, `DB_NAME`, `DB_VERSION`, `DB_IP`, `DB_USERNAME`, `DB_PWD`, `DB_MARK` FROM `Cfg_Db` AS `Cfg_Db` ORDER BY `Cfg_Db`.`DB_KEY` ASC LIMIT 0, 10;[39m (3ms)
2018-09-13 20:16:04,353 INFO 10688 [model] [35mSELECT count(*) AS `count` FROM `Cfg_Db` AS `Cfg_Db`;[39m (4ms)
2018-09-13 20:16:04,357 INFO 10688 [model] [35mSELECT `DB_KEY`, `DB_NAME`, `DB_VERSION`, `DB_IP`, `DB_USERNAME`, `DB_PWD`, `DB_MARK` FROM `Cfg_Db` AS `Cfg_Db` ORDER BY `Cfg_Db`.`DB_KEY` ASC LIMIT 0, 10;[39m (5ms)
2018-09-13 20:17:21,316 INFO 10688 [model] [35mSELECT count(*) AS `count` FROM `Cfg_Db` AS `Cfg_Db`;[39m (1ms)
2018-09-13 20:17:21,322 INFO 10688 [model] [35mSELECT `DB_KEY`, `DB_NAME`, `DB_VERSION`, `DB_IP`, `DB_USERNAME`, `DB_PWD`, `DB_MARK` FROM `Cfg_Db` AS `Cfg_Db` ORDER BY `Cfg_Db`.`DB_KEY` ASC LIMIT 0, 10;[39m (1ms)
2018-09-13 20:18:12,210 INFO 10688 [model] [35mSELECT count(*) AS `count` FROM `Cfg_Db` AS `Cfg_Db`;[39m (5ms)
2018-09-13 20:18:12,212 INFO 10688 [model] [35mSELECT `DB_KEY`, `DB_NAME`, `DB_VERSION`, `DB_IP`, `DB_USERNAME`, `DB_PWD`, `DB_MARK` FROM `Cfg_Db` AS `Cfg_Db` ORDER BY `Cfg_Db`.`DB_KEY` ASC LIMIT 0, 10;[39m (1ms)
2018-09-13 20:18:15,227 INFO 10688 [model] [35mSELECT count(*) AS `count` FROM `Cfg_Db` AS `Cfg_Db`;[39m (3ms)
2018-09-13 20:18:15,231 INFO 10688 [model] [35mSELECT `DB_KEY`, `DB_NAME`, `DB_VERSION`, `DB_IP`, `DB_USERNAME`, `DB_PWD`, `DB_MARK` FROM `Cfg_Db` AS `Cfg_Db` ORDER BY `Cfg_Db`.`DB_KEY` ASC LIMIT 0, 10;[39m (5ms)
2018-09-13 20:19:06,418 INFO 10688 [model] [35mSELECT count(*) AS `count` FROM `Cfg_Db` AS `Cfg_Db`;[39m (2ms)
2018-09-13 20:19:06,421 INFO 10688 [model] [35mSELECT `DB_KEY`, `DB_NAME`, `DB_VERSION`, `DB_IP`, `DB_USERNAME`, `DB_PWD`, `DB_MARK` FROM `Cfg_Db` AS `Cfg_Db` ORDER BY `Cfg_Db`.`DB_KEY` ASC LIMIT 0, 10;[39m (4ms)
2018-09-13 20:19:10,342 INFO 10688 [model] [35mSELECT count(*) AS `count` FROM `Cfg_Db` AS `Cfg_Db`;[39m (3ms)
2018-09-13 20:19:10,346 INFO 10688 [model] [35mSELECT `DB_KEY`, `DB_NAME`, `DB_VERSION`, `DB_IP`, `DB_USERNAME`, `DB_PWD`, `DB_MARK` FROM `Cfg_Db` AS `Cfg_Db` ORDER BY `Cfg_Db`.`DB_KEY` ASC LIMIT 0, 10;[39m (4ms)
2018-09-13 20:19:56,082 INFO 10688 [model] [35mSELECT count(*) AS `count` FROM `Cfg_Db` AS `Cfg_Db`;[39m (3ms)
2018-09-13 20:19:56,085 INFO 10688 [model] [35mSELECT `DB_KEY`, `DB_NAME`, `DB_VERSION`, `DB_IP`, `DB_USERNAME`, `DB_PWD`, `DB_MARK` FROM `Cfg_Db` AS `Cfg_Db` ORDER BY `Cfg_Db`.`DB_KEY` ASC LIMIT 0, 10;[39m (5ms)
2018-09-13 20:22:38,669 INFO 10688 [model] [35mSELECT count(*) AS `count` FROM `Cfg_Db` AS `Cfg_Db`;[39m (2ms)
2018-09-13 20:22:38,673 INFO 10688 [model] [35mSELECT `DB_KEY`, `DB_NAME`, `DB_VERSION`, `DB_IP`, `DB_USERNAME`, `DB_PWD`, `DB_MARK` FROM `Cfg_Db` AS `Cfg_Db` ORDER BY `Cfg_Db`.`DB_KEY` ASC LIMIT 0, 10;[39m (5ms)
2018-09-13 20:22:53,359 INFO 10688 [model] [35mSELECT count(*) AS `count` FROM `Cfg_Db` AS `Cfg_Db`;[39m (3ms)
2018-09-13 20:22:53,368 INFO 10688 [model] [35mSELECT `DB_KEY`, `DB_NAME`, `DB_VERSION`, `DB_IP`, `DB_USERNAME`, `DB_PWD`, `DB_MARK` FROM `Cfg_Db` AS `Cfg_Db` ORDER BY `Cfg_Db`.`DB_KEY` ASC LIMIT 0, 10;[39m (5ms)
2018-09-13 20:23:37,645 INFO 10688 [model] [35mSELECT count(*) AS `count` FROM `Cfg_Db` AS `Cfg_Db`;[39m (1ms)
2018-09-13 20:23:37,647 INFO 10688 [model] [35mSELECT `DB_KEY`, `DB_NAME`, `DB_VERSION`, `DB_IP`, `DB_USERNAME`, `DB_PWD`, `DB_MARK` FROM `Cfg_Db` AS `Cfg_Db` ORDER BY `Cfg_Db`.`DB_KEY` ASC LIMIT 0, 10;[39m (2ms)
2018-09-13 20:26:11,953 INFO 10688 [model] [35mSELECT count(*) AS `count` FROM `Cfg_Db` AS `Cfg_Db`;[39m (2ms)
2018-09-13 20:26:11,957 INFO 10688 [model] [35mSELECT `DB_KEY`, `DB_NAME`, `DB_VERSION`, `DB_IP`, `DB_USERNAME`, `DB_PWD`, `DB_MARK` FROM `Cfg_Db` AS `Cfg_Db` ORDER BY `Cfg_Db`.`DB_KEY` ASC LIMIT 0, 10;[39m (5ms)
2018-09-13 20:26:29,645 INFO 10688 [model] [35mSELECT count(*) AS `count` FROM `Cfg_Db` AS `Cfg_Db`;[39m (2ms)
2018-09-13 20:26:29,647 INFO 10688 [model] [35mSELECT `DB_KEY`, `DB_NAME`, `DB_VERSION`, `DB_IP`, `DB_USERNAME`, `DB_PWD`, `DB_MARK` FROM `Cfg_Db` AS `Cfg_Db` ORDER BY `Cfg_Db`.`DB_KEY` ASC LIMIT 0, 10;[39m (3ms)
2018-09-13 20:26:34,741 INFO 10688 [model] [35mSELECT count(*) AS `count` FROM `Cfg_Db` AS `Cfg_Db`;[39m (3ms)
2018-09-13 20:26:34,750 INFO 10688 [model] [35mSELECT `DB_KEY`, `DB_NAME`, `DB_VERSION`, `DB_IP`, `DB_USERNAME`, `DB_PWD`, `DB_MARK` FROM `Cfg_Db` AS `Cfg_Db` ORDER BY `Cfg_Db`.`DB_KEY` ASC LIMIT 0, 10;[39m (5ms)
2018-09-13 20:26:41,710 INFO 10688 [model] [35mSELECT count(*) AS `count` FROM `Cfg_Db` AS `Cfg_Db`;[39m (3ms)
2018-09-13 20:26:41,719 INFO 10688 [model] [35mSELECT `DB_KEY`, `DB_NAME`, `DB_VERSION`, `DB_IP`, `DB_USERNAME`, `DB_PWD`, `DB_MARK` FROM `Cfg_Db` AS `Cfg_Db` ORDER BY `Cfg_Db`.`DB_KEY` ASC LIMIT 0, 10;[39m (5ms)
2018-09-13 20:26:50,002 INFO 10688 [model] [35mSELECT count(*) AS `count` FROM `Cfg_Db` AS `Cfg_Db`;[39m (3ms)
2018-09-13 20:26:50,006 INFO 10688 [model] [35mSELECT `DB_KEY`, `DB_NAME`, `DB_VERSION`, `DB_IP`, `DB_USERNAME`, `DB_PWD`, `DB_MARK` FROM `Cfg_Db` AS `Cfg_Db` ORDER BY `Cfg_Db`.`DB_KEY` ASC LIMIT 0, 10;[39m (5ms)
2018-09-13 20:26:53,234 INFO 10688 [model] [35mSELECT count(*) AS `count` FROM `Cfg_Db` AS `Cfg_Db`;[39m (3ms)
2018-09-13 20:26:53,242 INFO 10688 [model] [35mSELECT `DB_KEY`, `DB_NAME`, `DB_VERSION`, `DB_IP`, `DB_USERNAME`, `DB_PWD`, `DB_MARK` FROM `Cfg_Db` AS `Cfg_Db` ORDER BY `Cfg_Db`.`DB_KEY` ASC LIMIT 0, 10;[39m (4ms)
2018-09-13 20:27:04,682 INFO 10688 [model] [35mSELECT count(*) AS `count` FROM `Cfg_Db` AS `Cfg_Db`;[39m (3ms)
2018-09-13 20:27:04,691 INFO 10688 [model] [35mSELECT `DB_KEY`, `DB_NAME`, `DB_VERSION`, `DB_IP`, `DB_USERNAME`, `DB_PWD`, `DB_MARK` FROM `Cfg_Db` AS `Cfg_Db` ORDER BY `Cfg_Db`.`DB_KEY` ASC LIMIT 0, 10;[39m (5ms)
2018-09-13 20:27:08,873 INFO 10688 [model] [35mSELECT count(*) AS `count` FROM `Cfg_Db` AS `Cfg_Db`;[39m (2ms)
2018-09-13 20:27:08,875 INFO 10688 [model] [35mSELECT `DB_KEY`, `DB_NAME`, `DB_VERSION`, `DB_IP`, `DB_USERNAME`, `DB_PWD`, `DB_MARK` FROM `Cfg_Db` AS `Cfg_Db` ORDER BY `Cfg_Db`.`DB_KEY` ASC LIMIT 0, 10;[39m (2ms)
2018-09-13 20:27:21,816 INFO 10688 [model] [35mSELECT count(*) AS `count` FROM `Cfg_Db` AS `Cfg_Db`;[39m (2ms)
2018-09-13 20:27:21,820 INFO 10688 [model] [35mSELECT `DB_KEY`, `DB_NAME`, `DB_VERSION`, `DB_IP`, `DB_USERNAME`, `DB_PWD`, `DB_MARK` FROM `Cfg_Db` AS `Cfg_Db` ORDER BY `Cfg_Db`.`DB_KEY` ASC LIMIT 0, 10;[39m (5ms)
2018-09-13 20:27:23,489 INFO 10688 [model] [35mSELECT count(*) AS `count` FROM `Cfg_Db` AS `Cfg_Db`;[39m (3ms)
2018-09-13 20:27:23,492 INFO 10688 [model] [35mSELECT `DB_KEY`, `DB_NAME`, `DB_VERSION`, `DB_IP`, `DB_USERNAME`, `DB_PWD`, `DB_MARK` FROM `Cfg_Db` AS `Cfg_Db` ORDER BY `Cfg_Db`.`DB_KEY` ASC LIMIT 0, 10;[39m (4ms)
2018-09-13 20:27:24,864 INFO 10688 [model] [35mSELECT count(*) AS `count` FROM `Cfg_Db` AS `Cfg_Db`;[39m (3ms)
2018-09-13 20:27:24,868 INFO 10688 [model] [35mSELECT `DB_KEY`, `DB_NAME`, `DB_VERSION`, `DB_IP`, `DB_USERNAME`, `DB_PWD`, `DB_MARK` FROM `Cfg_Db` AS `Cfg_Db` ORDER BY `Cfg_Db`.`DB_KEY` ASC LIMIT 0, 10;[39m (5ms)
2018-09-13 20:27:30,846 INFO 10688 [model] [35mSELECT count(*) AS `count` FROM `Cfg_Db` AS `Cfg_Db`;[39m (1ms)
2018-09-13 20:27:30,847 INFO 10688 [model] [35mSELECT `DB_KEY`, `DB_NAME`, `DB_VERSION`, `DB_IP`, `DB_USERNAME`, `DB_PWD`, `DB_MARK` FROM `Cfg_Db` AS `Cfg_Db` ORDER BY `Cfg_Db`.`DB_KEY` ASC LIMIT 0, 10;[39m (2ms)
2018-09-13 20:27:32,437 INFO 10688 [model] [35mSELECT count(*) AS `count` FROM `Cfg_Db` AS `Cfg_Db`;[39m (3ms)
2018-09-13 20:27:32,441 INFO 10688 [model] [35mSELECT `DB_KEY`, `DB_NAME`, `DB_VERSION`, `DB_IP`, `DB_USERNAME`, `DB_PWD`, `DB_MARK` FROM `Cfg_Db` AS `Cfg_Db` ORDER BY `Cfg_Db`.`DB_KEY` ASC LIMIT 0, 10;[39m (5ms)
2018-09-13 20:27:39,611 INFO 10688 [model] [35mSELECT count(*) AS `count` FROM `Cfg_Db` AS `Cfg_Db`;[39m (4ms)
2018-09-13 20:27:39,615 INFO 10688 [model] [35mSELECT `DB_KEY`, `DB_NAME`, `DB_VERSION`, `DB_IP`, `DB_USERNAME`, `DB_PWD`, `DB_MARK` FROM `Cfg_Db` AS `Cfg_Db` ORDER BY `Cfg_Db`.`DB_KEY` ASC LIMIT 0, 10;[39m (5ms)
2018-09-13 20:27:41,102 INFO 10688 [model] [35mSELECT count(*) AS `count` FROM `Cfg_Db` AS `Cfg_Db`;[39m (3ms)
2018-09-13 20:27:41,112 INFO 10688 [model] [35mSELECT `DB_KEY`, `DB_NAME`, `DB_VERSION`, `DB_IP`, `DB_USERNAME`, `DB_PWD`, `DB_MARK` FROM `Cfg_Db` AS `Cfg_Db` ORDER BY `Cfg_Db`.`DB_KEY` ASC LIMIT 0, 10;[39m (5ms)
2018-09-13 20:27:45,953 INFO 10688 [model] [35mSELECT count(*) AS `count` FROM `Cfg_Db` AS `Cfg_Db`;[39m (4ms)
2018-09-13 20:27:45,957 INFO 10688 [model] [35mSELECT `DB_KEY`, `DB_NAME`, `DB_VERSION`, `DB_IP`, `DB_USERNAME`, `DB_PWD`, `DB_MARK` FROM `Cfg_Db` AS `Cfg_Db` ORDER BY `Cfg_Db`.`DB_KEY` ASC LIMIT 0, 10;[39m (5ms)
2018-09-13 20:27:48,980 INFO 10688 [model] [35mSELECT count(*) AS `count` FROM `Cfg_Db` AS `Cfg_Db`;[39m (3ms)
2018-09-13 20:27:48,984 INFO 10688 [model] [35mSELECT `DB_KEY`, `DB_NAME`, `DB_VERSION`, `DB_IP`, `DB_USERNAME`, `DB_PWD`, `DB_MARK` FROM `Cfg_Db` AS `Cfg_Db` ORDER BY `Cfg_Db`.`DB_KEY` ASC LIMIT 0, 10;[39m (5ms)
2018-09-13 20:27:50,560 INFO 10688 [model] [35mSELECT count(*) AS `count` FROM `Cfg_Db` AS `Cfg_Db`;[39m (3ms)
2018-09-13 20:27:50,567 INFO 10688 [model] [35mSELECT `DB_KEY`, `DB_NAME`, `DB_VERSION`, `DB_IP`, `DB_USERNAME`, `DB_PWD`, `DB_MARK` FROM `Cfg_Db` AS `Cfg_Db` ORDER BY `Cfg_Db`.`DB_KEY` ASC LIMIT 0, 10;[39m (8ms)
2018-09-13 20:28:04,277 INFO 10688 [model] [35mSELECT count(*) AS `count` FROM `Cfg_Db` AS `Cfg_Db`;[39m (1ms)
2018-09-13 20:28:04,280 INFO 10688 [model] [35mSELECT `DB_KEY`, `DB_NAME`, `DB_VERSION`, `DB_IP`, `DB_USERNAME`, `DB_PWD`, `DB_MARK` FROM `Cfg_Db` AS `Cfg_Db` ORDER BY `Cfg_Db`.`DB_KEY` ASC LIMIT 0, 10;[39m (1ms)
2018-09-13 20:28:11,412 INFO 10688 [model] [35mSELECT count(*) AS `count` FROM `Cfg_Db` AS `Cfg_Db`;[39m (4ms)
2018-09-13 20:28:11,417 INFO 10688 [model] [35mSELECT `DB_KEY`, `DB_NAME`, `DB_VERSION`, `DB_IP`, `DB_USERNAME`, `DB_PWD`, `DB_MARK` FROM `Cfg_Db` AS `Cfg_Db` ORDER BY `Cfg_Db`.`DB_KEY` ASC LIMIT 0, 10;[39m (6ms)
2018-09-13 20:28:19,563 INFO 10688 [model] [35mSELECT count(*) AS `count` FROM `Cfg_Db` AS `Cfg_Db`;[39m (3ms)
2018-09-13 20:28:19,567 INFO 10688 [model] [35mSELECT `DB_KEY`, `DB_NAME`, `DB_VERSION`, `DB_IP`, `DB_USERNAME`, `DB_PWD`, `DB_MARK` FROM `Cfg_Db` AS `Cfg_Db` ORDER BY `Cfg_Db`.`DB_KEY` ASC LIMIT 0, 10;[39m (5ms)
2018-09-13 20:28:24,777 INFO 10688 [model] [35mSELECT count(*) AS `count` FROM `Cfg_Db` AS `Cfg_Db`;[39m (7ms)
2018-09-13 20:28:24,787 INFO 10688 [model] [35mSELECT `DB_KEY`, `DB_NAME`, `DB_VERSION`, `DB_IP`, `DB_USERNAME`, `DB_PWD`, `DB_MARK` FROM `Cfg_Db` AS `Cfg_Db` ORDER BY `Cfg_Db`.`DB_KEY` ASC LIMIT 0, 10;[39m (3ms)
2018-09-13 20:28:28,297 INFO 10688 [model] [35mSELECT count(*) AS `count` FROM `Cfg_Db` AS `Cfg_Db`;[39m (3ms)
2018-09-13 20:28:28,301 INFO 10688 [model] [35mSELECT `DB_KEY`, `DB_NAME`, `DB_VERSION`, `DB_IP`, `DB_USERNAME`, `DB_PWD`, `DB_MARK` FROM `Cfg_Db` AS `Cfg_Db` ORDER BY `Cfg_Db`.`DB_KEY` ASC LIMIT 0, 10;[39m (5ms)
2018-09-13 20:28:38,927 INFO 10688 [model] [35mSELECT count(*) AS `count` FROM `Cfg_Db` AS `Cfg_Db`;[39m (4ms)
2018-09-13 20:28:38,936 INFO 10688 [model] [35mSELECT `DB_KEY`, `DB_NAME`, `DB_VERSION`, `DB_IP`, `DB_USERNAME`, `DB_PWD`, `DB_MARK` FROM `Cfg_Db` AS `Cfg_Db` ORDER BY `Cfg_Db`.`DB_KEY` ASC LIMIT 0, 10;[39m (5ms)
2018-09-13 20:28:52,375 INFO 10688 [model] [35mSELECT count(*) AS `count` FROM `Cfg_Db` AS `Cfg_Db`;[39m (2ms)
2018-09-13 20:28:52,377 INFO 10688 [model] [35mSELECT `DB_KEY`, `DB_NAME`, `DB_VERSION`, `DB_IP`, `DB_USERNAME`, `DB_PWD`, `DB_MARK` FROM `Cfg_Db` AS `Cfg_Db` ORDER BY `Cfg_Db`.`DB_KEY` ASC LIMIT 0, 10;[39m (3ms)
2018-09-13 20:28:56,990 INFO 10688 [model] [35mSELECT count(*) AS `count` FROM `Cfg_Db` AS `Cfg_Db`;[39m (3ms)
2018-09-13 20:28:56,995 INFO 10688 [model] [35mSELECT `DB_KEY`, `DB_NAME`, `DB_VERSION`, `DB_IP`, `DB_USERNAME`, `DB_PWD`, `DB_MARK` FROM `Cfg_Db` AS `Cfg_Db` ORDER BY `Cfg_Db`.`DB_KEY` ASC LIMIT 0, 10;[39m (6ms)
2018-09-13 20:29:01,211 INFO 10688 [model] [35mSELECT count(*) AS `count` FROM `Cfg_Db` AS `Cfg_Db`;[39m (4ms)
2018-09-13 20:29:01,216 INFO 10688 [model] [35mSELECT `DB_KEY`, `DB_NAME`, `DB_VERSION`, `DB_IP`, `DB_USERNAME`, `DB_PWD`, `DB_MARK` FROM `Cfg_Db` AS `Cfg_Db` ORDER BY `Cfg_Db`.`DB_KEY` ASC LIMIT 0, 10;[39m (6ms)
2018-09-13 20:29:06,816 INFO 10688 [model] [35mSELECT count(*) AS `count` FROM `Cfg_Db` AS `Cfg_Db`;[39m (4ms)
2018-09-13 20:29:06,820 INFO 10688 [model] [35mSELECT `DB_KEY`, `DB_NAME`, `DB_VERSION`, `DB_IP`, `DB_USERNAME`, `DB_PWD`, `DB_MARK` FROM `Cfg_Db` AS `Cfg_Db` ORDER BY `Cfg_Db`.`DB_KEY` ASC LIMIT 0, 10;[39m (5ms)
2018-09-13 20:29:21,182 INFO 10688 [model] [35mSELECT count(*) AS `count` FROM `Cfg_Db` AS `Cfg_Db`;[39m (2ms)
2018-09-13 20:29:21,186 INFO 10688 [model] [35mSELECT `DB_KEY`, `DB_NAME`, `DB_VERSION`, `DB_IP`, `DB_USERNAME`, `DB_PWD`, `DB_MARK` FROM `Cfg_Db` AS `Cfg_Db` ORDER BY `Cfg_Db`.`DB_KEY` ASC LIMIT 0, 10;[39m (5ms)
2018-09-13 20:29:23,601 INFO 10688 [model] [35mSELECT count(*) AS `count` FROM `Cfg_Db` AS `Cfg_Db`;[39m (2ms)
2018-09-13 20:29:23,606 INFO 10688 [model] [35mSELECT `DB_KEY`, `DB_NAME`, `DB_VERSION`, `DB_IP`, `DB_USERNAME`, `DB_PWD`, `DB_MARK` FROM `Cfg_Db` AS `Cfg_Db` ORDER BY `Cfg_Db`.`DB_KEY` ASC LIMIT 0, 10;[39m (6ms)
2018-09-13 20:29:31,382 INFO 10688 [model] [35mSELECT count(*) AS `count` FROM `Cfg_Db` AS `Cfg_Db`;[39m (3ms)
2018-09-13 20:29:31,386 INFO 10688 [model] [35mSELECT `DB_KEY`, `DB_NAME`, `DB_VERSION`, `DB_IP`, `DB_USERNAME`, `DB_PWD`, `DB_MARK` FROM `Cfg_Db` AS `Cfg_Db` ORDER BY `Cfg_Db`.`DB_KEY` ASC LIMIT 0, 10;[39m (5ms)
2018-09-13 20:29:36,840 INFO 10688 [model] [35mSELECT count(*) AS `count` FROM `Cfg_Db` AS `Cfg_Db`;[39m (3ms)
2018-09-13 20:29:36,844 INFO 10688 [model] [35mSELECT `DB_KEY`, `DB_NAME`, `DB_VERSION`, `DB_IP`, `DB_USERNAME`, `DB_PWD`, `DB_MARK` FROM `Cfg_Db` AS `Cfg_Db` ORDER BY `Cfg_Db`.`DB_KEY` ASC LIMIT 0, 10;[39m (5ms)
2018-09-13 20:29:44,491 INFO 10688 [model] [35mSELECT count(*) AS `count` FROM `Cfg_Db` AS `Cfg_Db`;[39m (2ms)
2018-09-13 20:29:44,495 INFO 10688 [model] [35mSELECT `DB_KEY`, `DB_NAME`, `DB_VERSION`, `DB_IP`, `DB_USERNAME`, `DB_PWD`, `DB_MARK` FROM `Cfg_Db` AS `Cfg_Db` ORDER BY `Cfg_Db`.`DB_KEY` ASC LIMIT 0, 10;[39m (2ms)
2018-09-13 20:29:45,751 INFO 10688 [model] [35mSELECT count(*) AS `count` FROM `Cfg_Db` AS `Cfg_Db`;[39m (4ms)
2018-09-13 20:29:45,755 INFO 10688 [model] [35mSELECT `DB_KEY`, `DB_NAME`, `DB_VERSION`, `DB_IP`, `DB_USERNAME`, `DB_PWD`, `DB_MARK` FROM `Cfg_Db` AS `Cfg_Db` ORDER BY `Cfg_Db`.`DB_KEY` ASC LIMIT 0, 10;[39m (5ms)
2018-09-13 20:29:52,677 INFO 10688 [model] [35mSELECT count(*) AS `count` FROM `Cfg_Db` AS `Cfg_Db`;[39m (4ms)
2018-09-13 20:29:52,687 INFO 10688 [model] [35mSELECT `DB_KEY`, `DB_NAME`, `DB_VERSION`, `DB_IP`, `DB_USERNAME`, `DB_PWD`, `DB_MARK` FROM `Cfg_Db` AS `Cfg_Db` ORDER BY `Cfg_Db`.`DB_KEY` ASC LIMIT 0, 10;[39m (4ms)
2018-09-13 20:29:58,822 INFO 10688 [model] [35mSELECT count(*) AS `count` FROM `Cfg_Db` AS `Cfg_Db`;[39m (4ms)
2018-09-13 20:29:58,825 INFO 10688 [model] [35mSELECT `DB_KEY`, `DB_NAME`, `DB_VERSION`, `DB_IP`, `DB_USERNAME`, `DB_PWD`, `DB_MARK` FROM `Cfg_Db` AS `Cfg_Db` ORDER BY `Cfg_Db`.`DB_KEY` ASC LIMIT 0, 10;[39m (4ms)
2018-09-13 20:30:00,000 INFO 10688 [model] [35mSELECT count(*) AS `count` FROM `Cfg_Db` AS `Cfg_Db`;[39m (3ms)
2018-09-13 20:30:00,004 INFO 10688 [model] [35mSELECT `DB_KEY`, `DB_NAME`, `DB_VERSION`, `DB_IP`, `DB_USERNAME`, `DB_PWD`, `DB_MARK` FROM `Cfg_Db` AS `Cfg_Db` ORDER BY `Cfg_Db`.`DB_KEY` ASC LIMIT 0, 10;[39m (5ms)
2018-09-13 20:30:55,162 INFO 10688 [model] [35mSELECT count(*) AS `count` FROM `Cfg_Db` AS `Cfg_Db`;[39m (5ms)
2018-09-13 20:30:55,164 INFO 10688 [model] [35mSELECT `DB_KEY`, `DB_NAME`, `DB_VERSION`, `DB_IP`, `DB_USERNAME`, `DB_PWD`, `DB_MARK` FROM `Cfg_Db` AS `Cfg_Db` ORDER BY `Cfg_Db`.`DB_KEY` ASC LIMIT 0, 10;[39m (7ms)
2018-09-13 20:30:57,918 INFO 10688 [model] [35mSELECT count(*) AS `count` FROM `Cfg_Db` AS `Cfg_Db`;[39m (3ms)
2018-09-13 20:30:57,921 INFO 10688 [model] [35mSELECT `DB_KEY`, `DB_NAME`, `DB_VERSION`, `DB_IP`, `DB_USERNAME`, `DB_PWD`, `DB_MARK` FROM `Cfg_Db` AS `Cfg_Db` ORDER BY `Cfg_Db`.`DB_KEY` ASC LIMIT 0, 10;[39m (4ms)
2018-09-13 20:31:06,855 INFO 10688 [model] [35mSELECT count(*) AS `count` FROM `Cfg_Db` AS `Cfg_Db`;[39m (3ms)
2018-09-13 20:31:06,858 INFO 10688 [model] [35mSELECT `DB_KEY`, `DB_NAME`, `DB_VERSION`, `DB_IP`, `DB_USERNAME`, `DB_PWD`, `DB_MARK` FROM `Cfg_Db` AS `Cfg_Db` ORDER BY `Cfg_Db`.`DB_KEY` ASC LIMIT 0, 10;[39m (4ms)
